<?xml version="1.0" encoding="UTF-8"?>
<robot generator="Robot 4.1 (Python 3.11.2 on win32)" generated="20230718 15:46:57.828" rpa="false" schemaversion="2">
<suite id="s1" name="Fetching Data" source="C:\Users\158173\OneDrive - Arrow Electronics, Inc\Desktop\Robot_framework\TestCases\After_pdc\fetching_data.robot">
<test id="s1-t1" name="Robot fetch data">
<kw name="concatenate username and password" library="resources1">
<arg>testing</arg>
<arg>world</arg>
<kw name="Concat Two Values" library="external_keywords">
<var>${result_val}</var>
<arg>${username}</arg>
<arg>${password}</arg>
<msg timestamp="20230718 15:46:58.124" level="INFO">${result_val} = testing world</msg>
<status status="PASS" starttime="20230718 15:46:58.124" endtime="20230718 15:46:58.124"/>
</kw>
<kw name="Log" library="BuiltIn">
<arg>${result_val}</arg>
<doc>Logs the given message with the given level.</doc>
<msg timestamp="20230718 15:46:58.124" level="INFO">testing world</msg>
<status status="PASS" starttime="20230718 15:46:58.124" endtime="20230718 15:46:58.124"/>
</kw>
<status status="PASS" starttime="20230718 15:46:58.124" endtime="20230718 15:46:58.124"/>
</kw>
<kw name="Open Browser" library="SeleniumLibrary">
<arg>${url}</arg>
<arg>${browser}</arg>
<doc>Opens a new browser instance to the optional ``url``.</doc>
<msg timestamp="20230718 15:46:58.124" level="INFO">Opening browser 'Chrome' to base url 'https://the-internet.herokuapp.com/dropdown'.</msg>
<status status="PASS" starttime="20230718 15:46:58.124" endtime="20230718 15:47:02.904"/>
</kw>
<kw name="Maximize Browser Window" library="SeleniumLibrary">
<doc>Maximizes current browser window.</doc>
<status status="PASS" starttime="20230718 15:47:02.904" endtime="20230718 15:47:03.023"/>
</kw>
<kw name="Set Selenium Speed" library="SeleniumLibrary">
<arg>1</arg>
<doc>Sets the delay that is waited after each Selenium command.</doc>
<status status="PASS" starttime="20230718 15:47:03.023" endtime="20230718 15:47:03.023"/>
</kw>
<kw name="Close Browser" library="SeleniumLibrary">
<doc>Closes the current browser.</doc>
<status status="PASS" starttime="20230718 15:47:03.023" endtime="20230718 15:47:06.187"/>
</kw>
<status status="PASS" starttime="20230718 15:46:58.118" endtime="20230718 15:47:06.189"/>
</test>
<status status="PASS" starttime="20230718 15:46:57.828" endtime="20230718 15:47:06.189"/>
</suite>
<statistics>
<total>
<stat pass="1" fail="0" skip="0">All Tests</stat>
</total>
<tag>
</tag>
<suite>
<stat pass="1" fail="0" skip="0" id="s1" name="Fetching Data">Fetching Data</stat>
</suite>
</statistics>
<errors>
</errors>
</robot>
