<?xml version="1.0" encoding="UTF-8"?>
<robot generator="Robot 4.1 (Python 3.11.2 on win32)" generated="20230718 15:28:19.368" rpa="false" schemaversion="2">
<suite id="s1" name="Setup And Teardown Copy 2" source="C:\Users\158173\OneDrive - Arrow Electronics, Inc\Desktop\Robot_framework\TestCases\loginTC1\setup_and_teardown copy 2.robot">
<test id="s1-t1" name="Robot fetch data">
<kw name="Open Browser" library="SeleniumLibrary">
<arg>https://www.facebook.com/</arg>
<arg>${browser}</arg>
<doc>Opens a new browser instance to the optional ``url``.</doc>
<msg timestamp="20230718 15:28:19.986" level="INFO">Opening browser 'Chrome' to base url 'https://www.facebook.com/'.</msg>
<status status="PASS" starttime="20230718 15:28:19.986" endtime="20230718 15:28:23.620"/>
</kw>
<kw name="Maximize Browser Window" library="SeleniumLibrary">
<doc>Maximizes current browser window.</doc>
<status status="PASS" starttime="20230718 15:28:23.620" endtime="20230718 15:28:23.749"/>
</kw>
<kw name="Get Title" library="SeleniumLibrary">
<var>${page_title}</var>
<doc>Returns the title of the current page.</doc>
<msg timestamp="20230718 15:28:23.757" level="INFO">${page_title} = Facebook – log in or sign up</msg>
<status status="PASS" starttime="20230718 15:28:23.749" endtime="20230718 15:28:23.757"/>
</kw>
<kw name="Log To Console" library="BuiltIn">
<arg>${page_title}</arg>
<doc>Logs the given message to the console.</doc>
<status status="PASS" starttime="20230718 15:28:23.757" endtime="20230718 15:28:23.765"/>
</kw>
<kw name="Get Selenium Speed" library="SeleniumLibrary">
<var>${speed}</var>
<doc>Gets the delay that is waited after each Selenium command.</doc>
<msg timestamp="20230718 15:28:23.765" level="INFO">${speed} = 0 seconds</msg>
<status status="PASS" starttime="20230718 15:28:23.765" endtime="20230718 15:28:23.765"/>
</kw>
<kw name="Log To Console" library="BuiltIn">
<arg>${speed}</arg>
<doc>Logs the given message to the console.</doc>
<status status="PASS" starttime="20230718 15:28:23.765" endtime="20230718 15:28:23.765"/>
</kw>
<kw name="Get Value" library="SeleniumLibrary">
<var>${value}</var>
<arg>//button[@name='login']</arg>
<doc>Returns the value attribute of the element identified by ``locator``.</doc>
<msg timestamp="20230718 15:28:23.797" level="INFO">${value} = 1</msg>
<status status="PASS" starttime="20230718 15:28:23.765" endtime="20230718 15:28:23.797"/>
</kw>
<kw name="Log To Console" library="BuiltIn">
<arg>${value}</arg>
<doc>Logs the given message to the console.</doc>
<status status="PASS" starttime="20230718 15:28:23.797" endtime="20230718 15:28:23.797"/>
</kw>
<kw name="Close Browser" library="SeleniumLibrary">
<doc>Closes the current browser.</doc>
<status status="PASS" starttime="20230718 15:28:23.797" endtime="20230718 15:28:25.975"/>
</kw>
<status status="PASS" starttime="20230718 15:28:19.986" endtime="20230718 15:28:25.977"/>
</test>
<status status="PASS" starttime="20230718 15:28:19.368" endtime="20230718 15:28:25.977"/>
</suite>
<statistics>
<total>
<stat pass="1" fail="0" skip="0">All Tests</stat>
</total>
<tag>
</tag>
<suite>
<stat pass="1" fail="0" skip="0" id="s1" name="Setup And Teardown Copy 2">Setup And Teardown Copy 2</stat>
</suite>
</statistics>
<errors>
</errors>
</robot>
